<?xml version="1.0" encoding="UTF-8"?>
<!-- Generated by org.testng.reporters.JUnitReportReporter -->
<testsuite hostname="DESKTOP-83ISEOE" failures="0" tests="1" name="testpackege.InvalidTestCaseActitime" time="40.853" errors="0" timestamp="2023-10-25T17:11:18 IST" skipped="0">
  <testcase classname="testpackege.InvalidTestCaseActitime" name="invalidScript" time="40.853"/>
  <system-out/>
</testsuite> <!-- testpackege.InvalidTestCaseActitime -->
