<?xml version="1.0" encoding="UTF-8"?>
<!-- Generated by org.testng.reporters.JUnitReportReporter -->
<testsuite hostname="DESKTOP-83ISEOE" failures="0" tests="1" name="testpackege.ActiTimeValidTestCase" time="15.455" errors="0" timestamp="2023-10-25T16:25:39 IST" skipped="0">
  <testcase classname="testpackege.ActiTimeValidTestCase" name="validLoginScript" time="15.455"/>
  <system-out/>
</testsuite> <!-- testpackege.ActiTimeValidTestCase -->
