<?xml version="1.0" encoding="UTF-8"?>
<!-- Generated by org.testng.reporters.JUnitReportReporter -->
<testsuite hostname="DESKTOP-83ISEOE" failures="0" tests="3" name="testNgAnnotaions2.Flag1" time="0.033" errors="0" timestamp="2023-09-18T14:56:39 IST" skipped="0">
  <testcase classname="testNgAnnotaions2.Flag1" name="Method1" time="0.026"/>
  <system-out>
    <![CDATA[method1]]>
  </system-out>
  <testcase classname="testNgAnnotaions2.Flag1" name="Method3" time="0.004"/>
  <system-out>
    <![CDATA[method3]]>
  </system-out>
  <testcase classname="testNgAnnotaions2.Flag1" name="Method2" time="0.003"/>
  <system-out>
    <![CDATA[method2]]>
  </system-out>
</testsuite> <!-- testNgAnnotaions2.Flag1 -->
