<?xml version="1.0" encoding="UTF-8"?>
<!-- Generated by org.testng.reporters.JUnitReportReporter -->
<testsuite hostname="DESKTOP-83ISEOE" failures="0" tests="3" name="testNgpack.Demo" time="0.164" errors="0" timestamp="2023-09-15T14:14:51 IST" skipped="0">
  <testcase classname="testNgpack.Demo" name="f" time="0.124"/>
  <system-out>
    <![CDATA[sunday]]>
  </system-out>
  <testcase classname="testNgpack.Demo" name="m2" time="0.016"/>
  <system-out>
    <![CDATA[123]]>
  </system-out>
  <testcase classname="testNgpack.Demo" name="m1" time="0.024"/>
  <system-out>
    <![CDATA[hi]]>
  </system-out>
</testsuite> <!-- testNgpack.Demo -->
