<?xml version="1.0" encoding="UTF-8"?>
<!-- Generated by org.testng.reporters.JUnitReportReporter -->
<testsuite hostname="DESKTOP-83ISEOE" failures="0" tests="1" name="testNGExcution.SearchSql" time="22.452" errors="0" timestamp="2023-09-16T19:44:13 IST" skipped="0">
  <testcase classname="testNGExcution.SearchSql" name="search_Sql_in_Firefox" time="22.452"/>
  <system-out>
    <![CDATA[Sql,true]]>
  </system-out>
</testsuite> <!-- testNGExcution.SearchSql -->
