<?xml version="1.0" encoding="UTF-8"?>
<!-- Generated by org.testng.reporters.JUnitReportReporter -->
<testsuite hostname="DESKTOP-83ISEOE" failures="0" tests="1" name="testNgpack.Demo3" time="0.008" errors="0" timestamp="2023-03-26T12:07:57 IST" skipped="0">
  <testcase classname="testNgpack.Demo3" name="f" time="0.008"/>
  <system-out>
    <![CDATA[123345]]>
  </system-out>
</testsuite> <!-- testNgpack.Demo3 -->
