<?xml version="1.0" encoding="UTF-8"?>
<!-- Generated by org.testng.reporters.JUnitReportReporter -->
<testsuite hostname="DESKTOP-83ISEOE" failures="0" tests="2" name="testNgFlag.Discription" time="0.035" errors="0" timestamp="2023-03-30T19:56:55 IST" skipped="0">
  <testcase classname="testNgFlag.Discription" name="search2" time="0.004"/>
  <system-out>
    <![CDATA[this is INT]]>
  </system-out>
  <testcase classname="testNgFlag.Discription" name="search1" time="0.031"/>
  <system-out>
    <![CDATA[this is FTC]]>
  </system-out>
</testsuite> <!-- testNgFlag.Discription -->
