<?xml version="1.0" encoding="UTF-8"?>
<!-- Generated by org.testng.reporters.JUnitReportReporter -->
<testsuite hostname="DESKTOP-83ISEOE" failures="0" tests="3" name="testNgFlag.Flag4" time="0.043" errors="0" timestamp="2023-03-30T23:51:16 IST" skipped="0">
  <testcase classname="testNgFlag.Flag4" name="login" time="0.013"/>
  <system-out>
    <![CDATA[login in!!]]>
  </system-out>
  <testcase classname="testNgFlag.Flag4" name="createuser" time="0.005"/>
  <system-out>
    <![CDATA[usercreated]]>
  </system-out>
  <testcase classname="testNgFlag.Flag4" name="logout" time="0.025"/>
  <system-out>
    <![CDATA[Logged out]]>
  </system-out>
</testsuite> <!-- testNgFlag.Flag4 -->
