<?xml version="1.0" encoding="UTF-8"?>
<!-- Generated by org.testng.reporters.JUnitReportReporter -->
<testsuite hostname="DESKTOP-83ISEOE" failures="0" tests="18" name="testNgAnnotaions2.Falg6GroupExecution" time="0.112" errors="0" timestamp="2023-09-21T01:45:11 IST" skipped="0">
  <testcase classname="testNgAnnotaions2.Falg6GroupExecution" name="ft6" time="0.019"/>
  <system-out/>
  <testcase classname="testNgAnnotaions2.Falg6GroupExecution" name="st3" time="0.007"/>
  <system-out/>
  <testcase classname="testNgAnnotaions2.Falg6GroupExecution" name="ft5" time="0.007"/>
  <system-out/>
  <testcase classname="testNgAnnotaions2.Falg6GroupExecution" name="it5" time="0.003"/>
  <system-out/>
  <testcase classname="testNgAnnotaions2.Falg6GroupExecution" name="it2" time="0.003"/>
  <system-out/>
  <testcase classname="testNgAnnotaions2.Falg6GroupExecution" name="ft3" time="0.008"/>
  <system-out/>
  <testcase classname="testNgAnnotaions2.Falg6GroupExecution" name="it3" time="0.003"/>
  <system-out/>
  <testcase classname="testNgAnnotaions2.Falg6GroupExecution" name="it1" time="0.004"/>
  <system-out/>
  <testcase classname="testNgAnnotaions2.Falg6GroupExecution" name="st1" time="0.005"/>
  <system-out/>
  <testcase classname="testNgAnnotaions2.Falg6GroupExecution" name="it4" time="0.003"/>
  <system-out/>
  <testcase classname="testNgAnnotaions2.Falg6GroupExecution" name="st5" time="0.002"/>
  <system-out/>
  <testcase classname="testNgAnnotaions2.Falg6GroupExecution" name="ft1" time="0.027"/>
  <system-out/>
  <testcase classname="testNgAnnotaions2.Falg6GroupExecution" name="st2" time="0.003"/>
  <system-out/>
  <testcase classname="testNgAnnotaions2.Falg6GroupExecution" name="ft4" time="0.005"/>
  <system-out/>
  <testcase classname="testNgAnnotaions2.Falg6GroupExecution" name="it6" time="0.003"/>
  <system-out/>
  <testcase classname="testNgAnnotaions2.Falg6GroupExecution" name="st4" time="0.003"/>
  <system-out/>
  <testcase classname="testNgAnnotaions2.Falg6GroupExecution" name="ft2" time="0.004"/>
  <system-out/>
  <testcase classname="testNgAnnotaions2.Falg6GroupExecution" name="st6" time="0.003"/>
  <system-out/>
</testsuite> <!-- testNgAnnotaions2.Falg6GroupExecution -->
