<?xml version="1.0" encoding="UTF-8"?>
<!-- Generated by org.testng.reporters.JUnitReportReporter -->
<testsuite hostname="DESKTOP-83ISEOE" failures="0" tests="1" name="testNGExcution.Test2" time="12.094" errors="0" timestamp="2023-03-28T23:10:45 IST" skipped="0">
  <testcase classname="testNGExcution.Test2" name="Search2" time="12.094"/>
  <system-out/>
</testsuite> <!-- testNGExcution.Test2 -->
