<?xml version="1.0" encoding="UTF-8"?>
<!-- Generated by org.testng.reporters.JUnitReportReporter -->
<testsuite hostname="DESKTOP-83ISEOE" failures="0" tests="2" name="testNgDyanamicScreenShot.ActiTimeLogin" time="18.655" errors="0" timestamp="2023-04-02T13:53:20 IST" skipped="0">
  <testcase classname="testNgDyanamicScreenShot.ActiTimeLogin" name="loginPageMethod" time="9.748"/>
  <system-out>
    <![CDATA[test is  start
test is Success]]>
  </system-out>
  <testcase classname="testNgDyanamicScreenShot.ActiTimeLogin" name="homePageMethod" time="8.907"/>
  <system-out>
    <![CDATA[test is  start
test is Success]]>
  </system-out>
</testsuite> <!-- testNgDyanamicScreenShot.ActiTimeLogin -->
