<?xml version="1.0" encoding="UTF-8"?>
<!-- Generated by org.testng.reporters.JUnitReportReporter -->
<testsuite hostname="DESKTOP-83ISEOE" failures="0" tests="2" name="testNGExcution.MethodsExe" time="0.079" errors="0" timestamp="2023-03-28T20:04:33 IST" skipped="0">
  <testcase classname="testNGExcution.MethodsExe" name="method1" time="0.043"/>
  <system-out>
    <![CDATA[17is the threadid
method1]]>
  </system-out>
  <testcase classname="testNGExcution.MethodsExe" name="method2" time="0.036"/>
  <system-out>
    <![CDATA[18is the threadid
method2]]>
  </system-out>
</testsuite> <!-- testNGExcution.MethodsExe -->
