<?xml version="1.0" encoding="UTF-8"?>
<!-- Generated by org.testng.reporters.JUnitReportReporter -->
<testsuite hostname="DESKTOP-83ISEOE" failures="0" tests="6" name="testNgAnnotaions2.Flag8ActiTimeDataProvider" time="53.316" errors="0" timestamp="2023-09-23T01:56:31 IST" skipped="0">
  <testcase classname="testNgAnnotaions2.Flag8ActiTimeDataProvider" name="invalidLoginMethod" time="7.546"/>
  <system-out/>
  <testcase classname="testNgAnnotaions2.Flag8ActiTimeDataProvider" name="invalidLoginMethod" time="11.214"/>
  <system-out/>
  <testcase classname="testNgAnnotaions2.Flag8ActiTimeDataProvider" name="invalidLoginMethod" time="6.859"/>
  <system-out/>
  <testcase classname="testNgAnnotaions2.Flag8ActiTimeDataProvider" name="invalidLoginMethod" time="9.406"/>
  <system-out/>
  <testcase classname="testNgAnnotaions2.Flag8ActiTimeDataProvider" name="invalidLoginMethod" time="6.196"/>
  <system-out/>
  <testcase classname="testNgAnnotaions2.Flag8ActiTimeDataProvider" name="invalidLoginMethod" time="12.095"/>
  <system-out/>
</testsuite> <!-- testNgAnnotaions2.Flag8ActiTimeDataProvider -->
