<?xml version="1.0" encoding="UTF-8"?>
<!-- Generated by org.testng.reporters.JUnitReportReporter -->
<testsuite hostname="DESKTOP-83ISEOE" failures="0" tests="1" name="testNGExcution.TestNgClass1FailedTestCase" time="0.026" errors="0" timestamp="2023-09-16T19:53:04 IST" skipped="0">
  <testcase classname="testNGExcution.TestNgClass1FailedTestCase" name="method2" time="0.026"/>
  <system-out>
    <![CDATA[method2]]>
  </system-out>
</testsuite> <!-- testNGExcution.TestNgClass1FailedTestCase -->
