<?xml version="1.0" encoding="UTF-8"?>
<!-- Generated by org.testng.reporters.JUnitReportReporter -->
<testsuite hostname="DESKTOP-83ISEOE" failures="0" tests="1" name="testNGExcution.SearchSelenium" time="18.376" errors="0" timestamp="2023-09-16T19:44:13 IST" skipped="0">
  <testcase classname="testNGExcution.SearchSelenium" name="search_for_Selinium_in_MsEdge" time="18.376"/>
  <system-out>
    <![CDATA[Selinium]]>
  </system-out>
</testsuite> <!-- testNGExcution.SearchSelenium -->
