<?xml version="1.0" encoding="UTF-8"?>
<!-- Generated by org.testng.reporters.JUnitReportReporter -->
<testsuite hostname="DESKTOP-83ISEOE" failures="0" tests="3" name="testNgFlag.Flag3" time="0.045" errors="0" timestamp="2023-03-30T20:13:28 IST" skipped="0">
  <testcase classname="testNgFlag.Flag3" name="login" time="0.025"/>
  <system-out>
    <![CDATA[login in!!]]>
  </system-out>
  <testcase classname="testNgFlag.Flag3" name="logOut" time="0.016"/>
  <system-out>
    <![CDATA[Logged out]]>
  </system-out>
  <testcase classname="testNgFlag.Flag3" name="createUser" time="0.004"/>
  <system-out>
    <![CDATA[usercreated]]>
  </system-out>
</testsuite> <!-- testNgFlag.Flag3 -->
