<?xml version="1.0" encoding="UTF-8"?>
<!-- Generated by org.testng.reporters.JUnitReportReporter -->
<testsuite hostname="DESKTOP-83ISEOE" failures="0" tests="2" name="testNgAnnotaions2.TestNgAnnotains_Flags" time="0.026" errors="0" timestamp="2023-09-18T14:01:23 IST" skipped="0">
  <testcase classname="testNgAnnotaions2.TestNgAnnotains_Flags" name="method_Test_Annotaions1" time="0.019"/>
  <system-out>
    <![CDATA[TestAnnotains1]]>
  </system-out>
  <testcase classname="testNgAnnotaions2.TestNgAnnotains_Flags" name="method_Test_Annotaions2" time="0.007"/>
  <system-out>
    <![CDATA[TestAnnotains2]]>
  </system-out>
</testsuite> <!-- testNgAnnotaions2.TestNgAnnotains_Flags -->
