<?xml version="1.0" encoding="UTF-8"?>
<!-- Generated by org.testng.reporters.JUnitReportReporter -->
<testsuite hostname="DESKTOP-83ISEOE" failures="0" tests="3" name="testNgAnnotaions2.Flag5" time="0.034" errors="0" timestamp="2023-09-20T14:29:10 IST" skipped="0">
  <testcase classname="testNgAnnotaions2.Flag5" name="logoutMethod" time="0.004"/>
  <system-out/>
  <testcase classname="testNgAnnotaions2.Flag5" name="loginMethod" time="0.025"/>
  <system-out/>
  <testcase classname="testNgAnnotaions2.Flag5" name="create_user_Method" time="0.005"/>
  <system-out/>
</testsuite> <!-- testNgAnnotaions2.Flag5 -->
