<?xml version="1.0" encoding="UTF-8"?>
<!-- Generated by org.testng.reporters.JUnitReportReporter -->
<testsuite hostname="DESKTOP-83ISEOE" failures="0" tests="2" name="testNgAnnotaions2.GoogleTestCaseSearch" time="26.374" errors="0" timestamp="2023-09-19T12:24:16 IST" skipped="0">
  <testcase classname="testNgAnnotaions2.GoogleTestCaseSearch" name="search_for_Java" time="14.790"/>
  <system-out/>
  <testcase classname="testNgAnnotaions2.GoogleTestCaseSearch" name="search_for_Selinium" time="11.584"/>
  <system-out/>
</testsuite> <!-- testNgAnnotaions2.GoogleTestCaseSearch -->
