<?xml version="1.0" encoding="UTF-8"?>
<!-- Generated by org.testng.reporters.JUnitReportReporter -->
<testsuite hostname="DESKTOP-83ISEOE" failures="0" tests="3" name="testNgpack.Practice" time="0.037" errors="0" timestamp="2023-09-15T14:29:27 IST" skipped="0">
  <testcase classname="testNgpack.Practice" name="Demo" time="0.030"/>
  <system-out>
    <![CDATA[hi]]>
  </system-out>
  <testcase classname="testNgpack.Practice" name="Demo2" time="0.003"/>
  <system-out>
    <![CDATA[jai]]>
  </system-out>
  <testcase classname="testNgpack.Practice" name="Demo1" time="0.004"/>
  <system-out>
    <![CDATA[hellow]]>
  </system-out>
</testsuite> <!-- testNgpack.Practice -->
