<?xml version="1.0" encoding="UTF-8"?>
<!-- Generated by org.testng.reporters.JUnitReportReporter -->
<testsuite hostname="DESKTOP-83ISEOE" failures="0" tests="10" name="testNgAnnotaions2.Flag4" time="0.130" errors="0" timestamp="2023-09-20T14:03:51 IST" skipped="0">
  <testcase classname="testNgAnnotaions2.Flag4" name="p" time="0.031"/>
  <system-out/>
  <testcase classname="testNgAnnotaions2.Flag4" name="z" time="0.011"/>
  <system-out/>
  <testcase classname="testNgAnnotaions2.Flag4" name="f" time="0.003"/>
  <system-out/>
  <testcase classname="testNgAnnotaions2.Flag4" name="o" time="0.015"/>
  <system-out/>
  <testcase classname="testNgAnnotaions2.Flag4" name="k" time="0.004"/>
  <system-out/>
  <testcase classname="testNgAnnotaions2.Flag4" name="q" time="0.031"/>
  <system-out/>
  <testcase classname="testNgAnnotaions2.Flag4" name="g" time="0.017"/>
  <system-out/>
  <testcase classname="testNgAnnotaions2.Flag4" name="i" time="0.009"/>
  <system-out/>
  <testcase classname="testNgAnnotaions2.Flag4" name="h" time="0.005"/>
  <system-out/>
  <testcase classname="testNgAnnotaions2.Flag4" name="j" time="0.004"/>
  <system-out/>
</testsuite> <!-- testNgAnnotaions2.Flag4 -->
