<?xml version="1.0" encoding="UTF-8"?>
<!-- Generated by org.testng.reporters.JUnitReportReporter -->
<testsuite hostname="DESKTOP-83ISEOE" failures="0" tests="2" name="testNgpack.Demo2" time="0.039" errors="0" timestamp="2023-03-26T12:07:57 IST" skipped="0">
  <testcase classname="testNgpack.Demo2" name="f" time="0.009"/>
  <system-out>
    <![CDATA[hello]]>
  </system-out>
  <testcase classname="testNgpack.Demo2" name="dm1" time="0.030"/>
  <system-out/>
</testsuite> <!-- testNgpack.Demo2 -->
