<?xml version="1.0" encoding="UTF-8"?>
<!-- Generated by org.testng.reporters.JUnitReportReporter -->
<testsuite hostname="DESKTOP-83ISEOE" failures="0" tests="1" name="testNGExcution.SearchJava" time="10.623" errors="0" timestamp="2023-09-16T19:44:13 IST" skipped="0">
  <testcase classname="testNGExcution.SearchJava" name="search_in_java_Chorme" time="10.623"/>
  <system-out>
    <![CDATA[java]]>
  </system-out>
</testsuite> <!-- testNGExcution.SearchJava -->
