<?xml version="1.0" encoding="UTF-8"?>
<!-- Generated by org.testng.reporters.JUnitReportReporter -->
<testsuite hostname="DESKTOP-83ISEOE" failures="0" tests="3" name="testNgAnnotaions2.Flag2" time="0.034" errors="0" timestamp="2023-09-19T12:16:33 IST" skipped="1">
  <testcase classname="testNgAnnotaions2.Flag2" name="Method1" time="0.030"/>
  <system-out>
    <![CDATA[method1]]>
  </system-out>
  <testcase classname="testNgAnnotaions2.Flag2" name="Method3" time="0.004"/>
  <system-out>
    <![CDATA[method3]]>
  </system-out>
  <testcase classname="testNgAnnotaions2.Flag2" name="Method2">
    <skipped/>
  </testcase> <!-- Method2 -->
  <system-out/>
</testsuite> <!-- testNgAnnotaions2.Flag2 -->
