<?xml version="1.0" encoding="UTF-8"?>
<!-- Generated by org.testng.reporters.JUnitReportReporter -->
<testsuite hostname="DESKTOP-83ISEOE" failures="0" tests="51" name="testNgFlag.Flag4InvocationCount" time="0.214" errors="0" timestamp="2023-03-30T23:28:04 IST" skipped="0">
  <testcase classname="testNgFlag.Flag4InvocationCount" name="createUser" time="0.003"/>
  <system-out>
    <![CDATA[usercreated]]>
  </system-out>
  <testcase classname="testNgFlag.Flag4InvocationCount" name="logout" time="0.003"/>
  <system-out>
    <![CDATA[Logged out]]>
  </system-out>
  <testcase classname="testNgFlag.Flag4InvocationCount" name="login" time="0.004"/>
  <system-out>
    <![CDATA[login in!!]]>
  </system-out>
  <testcase classname="testNgFlag.Flag4InvocationCount" name="logout" time="0.004"/>
  <system-out>
    <![CDATA[Logged out]]>
  </system-out>
  <testcase classname="testNgFlag.Flag4InvocationCount" name="logout" time="0.004"/>
  <system-out>
    <![CDATA[Logged out]]>
  </system-out>
  <testcase classname="testNgFlag.Flag4InvocationCount" name="createUser" time="0.003"/>
  <system-out>
    <![CDATA[usercreated]]>
  </system-out>
  <testcase classname="testNgFlag.Flag4InvocationCount" name="logout" time="0.007"/>
  <system-out>
    <![CDATA[Logged out]]>
  </system-out>
  <testcase classname="testNgFlag.Flag4InvocationCount" name="logout" time="0.005"/>
  <system-out>
    <![CDATA[Logged out]]>
  </system-out>
  <testcase classname="testNgFlag.Flag4InvocationCount" name="logout" time="0.004"/>
  <system-out>
    <![CDATA[Logged out]]>
  </system-out>
  <testcase classname="testNgFlag.Flag4InvocationCount" name="logout" time="0.002"/>
  <system-out>
    <![CDATA[Logged out]]>
  </system-out>
  <testcase classname="testNgFlag.Flag4InvocationCount" name="createUser" time="0.027"/>
  <system-out>
    <![CDATA[usercreated]]>
  </system-out>
  <testcase classname="testNgFlag.Flag4InvocationCount" name="createUser" time="0.008"/>
  <system-out>
    <![CDATA[usercreated]]>
  </system-out>
  <testcase classname="testNgFlag.Flag4InvocationCount" name="createUser" time="0.003"/>
  <system-out>
    <![CDATA[usercreated]]>
  </system-out>
  <testcase classname="testNgFlag.Flag4InvocationCount" name="createUser" time="0.003"/>
  <system-out>
    <![CDATA[usercreated]]>
  </system-out>
  <testcase classname="testNgFlag.Flag4InvocationCount" name="logout" time="0.003"/>
  <system-out>
    <![CDATA[Logged out]]>
  </system-out>
  <testcase classname="testNgFlag.Flag4InvocationCount" name="createUser" time="0.003"/>
  <system-out>
    <![CDATA[usercreated]]>
  </system-out>
  <testcase classname="testNgFlag.Flag4InvocationCount" name="logout" time="0.002"/>
  <system-out>
    <![CDATA[Logged out]]>
  </system-out>
  <testcase classname="testNgFlag.Flag4InvocationCount" name="logout" time="0.003"/>
  <system-out>
    <![CDATA[Logged out]]>
  </system-out>
  <testcase classname="testNgFlag.Flag4InvocationCount" name="logout" time="0.002"/>
  <system-out>
    <![CDATA[Logged out]]>
  </system-out>
  <testcase classname="testNgFlag.Flag4InvocationCount" name="logout" time="0.007"/>
  <system-out>
    <![CDATA[Logged out]]>
  </system-out>
  <testcase classname="testNgFlag.Flag4InvocationCount" name="logout" time="0.018"/>
  <system-out>
    <![CDATA[Logged out]]>
  </system-out>
  <testcase classname="testNgFlag.Flag4InvocationCount" name="logout" time="0.002"/>
  <system-out>
    <![CDATA[Logged out]]>
  </system-out>
  <testcase classname="testNgFlag.Flag4InvocationCount" name="createUser" time="0.003"/>
  <system-out>
    <![CDATA[usercreated]]>
  </system-out>
  <testcase classname="testNgFlag.Flag4InvocationCount" name="logout" time="0.002"/>
  <system-out>
    <![CDATA[Logged out]]>
  </system-out>
  <testcase classname="testNgFlag.Flag4InvocationCount" name="createUser" time="0.003"/>
  <system-out>
    <![CDATA[usercreated]]>
  </system-out>
  <testcase classname="testNgFlag.Flag4InvocationCount" name="logout" time="0.006"/>
  <system-out>
    <![CDATA[Logged out]]>
  </system-out>
  <testcase classname="testNgFlag.Flag4InvocationCount" name="createUser" time="0.005"/>
  <system-out>
    <![CDATA[usercreated]]>
  </system-out>
  <testcase classname="testNgFlag.Flag4InvocationCount" name="logout" time="0.002"/>
  <system-out>
    <![CDATA[Logged out]]>
  </system-out>
  <testcase classname="testNgFlag.Flag4InvocationCount" name="createUser" time="0.003"/>
  <system-out>
    <![CDATA[usercreated]]>
  </system-out>
  <testcase classname="testNgFlag.Flag4InvocationCount" name="createUser" time="0.003"/>
  <system-out>
    <![CDATA[usercreated]]>
  </system-out>
  <testcase classname="testNgFlag.Flag4InvocationCount" name="createUser" time="0.004"/>
  <system-out>
    <![CDATA[usercreated]]>
  </system-out>
  <testcase classname="testNgFlag.Flag4InvocationCount" name="logout" time="0.002"/>
  <system-out>
    <![CDATA[Logged out]]>
  </system-out>
  <testcase classname="testNgFlag.Flag4InvocationCount" name="createUser" time="0.002"/>
  <system-out>
    <![CDATA[usercreated]]>
  </system-out>
  <testcase classname="testNgFlag.Flag4InvocationCount" name="createUser" time="0.003"/>
  <system-out>
    <![CDATA[usercreated]]>
  </system-out>
  <testcase classname="testNgFlag.Flag4InvocationCount" name="logout" time="0.008"/>
  <system-out>
    <![CDATA[Logged out]]>
  </system-out>
  <testcase classname="testNgFlag.Flag4InvocationCount" name="logout" time="0.003"/>
  <system-out>
    <![CDATA[Logged out]]>
  </system-out>
  <testcase classname="testNgFlag.Flag4InvocationCount" name="logout" time="0.002"/>
  <system-out>
    <![CDATA[Logged out]]>
  </system-out>
  <testcase classname="testNgFlag.Flag4InvocationCount" name="logout" time="0.003"/>
  <system-out>
    <![CDATA[Logged out]]>
  </system-out>
  <testcase classname="testNgFlag.Flag4InvocationCount" name="createUser" time="0.003"/>
  <system-out>
    <![CDATA[usercreated]]>
  </system-out>
  <testcase classname="testNgFlag.Flag4InvocationCount" name="logout" time="0.004"/>
  <system-out>
    <![CDATA[Logged out]]>
  </system-out>
  <testcase classname="testNgFlag.Flag4InvocationCount" name="logout" time="0.002"/>
  <system-out>
    <![CDATA[Logged out]]>
  </system-out>
  <testcase classname="testNgFlag.Flag4InvocationCount" name="createUser" time="0.003"/>
  <system-out>
    <![CDATA[usercreated]]>
  </system-out>
  <testcase classname="testNgFlag.Flag4InvocationCount" name="createUser" time="0.002"/>
  <system-out>
    <![CDATA[usercreated]]>
  </system-out>
  <testcase classname="testNgFlag.Flag4InvocationCount" name="logout" time="0.002"/>
  <system-out>
    <![CDATA[Logged out]]>
  </system-out>
  <testcase classname="testNgFlag.Flag4InvocationCount" name="logout" time="0.002"/>
  <system-out>
    <![CDATA[Logged out]]>
  </system-out>
  <testcase classname="testNgFlag.Flag4InvocationCount" name="logout" time="0.002"/>
  <system-out>
    <![CDATA[Logged out]]>
  </system-out>
  <testcase classname="testNgFlag.Flag4InvocationCount" name="createUser" time="0.003"/>
  <system-out>
    <![CDATA[usercreated]]>
  </system-out>
  <testcase classname="testNgFlag.Flag4InvocationCount" name="createUser" time="0.003"/>
  <system-out>
    <![CDATA[usercreated]]>
  </system-out>
  <testcase classname="testNgFlag.Flag4InvocationCount" name="logout" time="0.003"/>
  <system-out>
    <![CDATA[Logged out]]>
  </system-out>
  <testcase classname="testNgFlag.Flag4InvocationCount" name="logout" time="0.008"/>
  <system-out>
    <![CDATA[Logged out]]>
  </system-out>
  <testcase classname="testNgFlag.Flag4InvocationCount" name="logout" time="0.003"/>
  <system-out>
    <![CDATA[Logged out]]>
  </system-out>
</testsuite> <!-- testNgFlag.Flag4InvocationCount -->
