<?xml version="1.0" encoding="UTF-8"?>
<!-- Generated by org.testng.reporters.JUnitReportReporter -->
<testsuite hostname="DESKTOP-83ISEOE" failures="0" tests="2" name="testNgFlag.Flag6" time="0.026" errors="0" timestamp="2023-03-31T19:20:41 IST" skipped="1">
  <testcase classname="testNgFlag.Flag6" name="login" time="0.026"/>
  <system-out>
    <![CDATA[login method]]>
  </system-out>
  <testcase classname="testNgFlag.Flag6" name="logout">
    <skipped/>
  </testcase> <!-- logout -->
  <system-out/>
</testsuite> <!-- testNgFlag.Flag6 -->
