<?xml version="1.0" encoding="UTF-8"?>
<!-- Generated by org.testng.reporters.JUnitReportReporter -->
<testsuite hostname="DESKTOP-83ISEOE" failures="0" tests="1" name="assertionTestNG.Assertion1" time="0.038" errors="0" timestamp="2023-03-31T23:19:07 IST" skipped="0">
  <testcase classname="assertionTestNG.Assertion1" name="validLogin" time="0.038"/>
  <system-out>
    <![CDATA[lunch the browser
lunch the web app by useing url
login page will be displayed!!
perform the login operation!!
home page will be display!!
log out]]>
  </system-out>
</testsuite> <!-- assertionTestNG.Assertion1 -->
