<?xml version="1.0" encoding="UTF-8"?>
<!-- Generated by org.testng.reporters.JUnitReportReporter -->
<testsuite hostname="DESKTOP-83ISEOE" failures="0" tests="3" name="testNGAnnotations.GoogleTestCase" time="44.009" errors="0" timestamp="2023-03-28T21:54:03 IST" skipped="0">
  <testcase classname="testNGAnnotations.GoogleTestCase" name="y" time="18.797"/>
  <system-out/>
  <testcase classname="testNGAnnotations.GoogleTestCase" name="z" time="11.934"/>
  <system-out/>
  <testcase classname="testNGAnnotations.GoogleTestCase" name="x" time="13.278"/>
  <system-out/>
</testsuite> <!-- testNGAnnotations.GoogleTestCase -->
