<?xml version="1.0" encoding="UTF-8"?>
<!-- Generated by org.testng.reporters.JUnitReportReporter -->
<testsuite hostname="DESKTOP-83ISEOE" failures="0" tests="2" name="testNGExcution.TestNgClass3FailedTestCase" time="0.017" errors="0" timestamp="2023-09-16T19:46:24 IST" skipped="0">
  <testcase classname="testNGExcution.TestNgClass3FailedTestCase" name="method5" time="0.006"/>
  <system-out>
    <![CDATA[Method5]]>
  </system-out>
  <testcase classname="testNGExcution.TestNgClass3FailedTestCase" name="method6" time="0.011"/>
  <system-out>
    <![CDATA[method6]]>
  </system-out>
</testsuite> <!-- testNGExcution.TestNgClass3FailedTestCase -->
