<?xml version="1.0" encoding="UTF-8"?>
<!-- Generated by org.testng.reporters.JUnitReportReporter -->
<testsuite hostname="DESKTOP-83ISEOE" failures="0" tests="2" name="testNGExcution.TestNgClass2FailedTestCase" time="0.010" errors="0" timestamp="2023-09-16T19:46:24 IST" skipped="0">
  <testcase classname="testNGExcution.TestNgClass2FailedTestCase" name="method4" time="0.003"/>
  <system-out>
    <![CDATA[Method4]]>
  </system-out>
  <testcase classname="testNGExcution.TestNgClass2FailedTestCase" name="method3" time="0.007"/>
  <system-out>
    <![CDATA[method3]]>
  </system-out>
</testsuite> <!-- testNGExcution.TestNgClass2FailedTestCase -->
