<?xml version="1.0" encoding="UTF-8"?>
<!-- Generated by org.testng.reporters.JUnitReportReporter -->
<testsuite hostname="DESKTOP-83ISEOE" failures="0" tests="3" name="testNgFlag.Flag3Priority" time="0.038" errors="0" timestamp="2023-03-30T23:21:09 IST" skipped="0">
  <testcase classname="testNgFlag.Flag3Priority" name="createUser" time="0.025"/>
  <system-out>
    <![CDATA[usercreated]]>
  </system-out>
  <testcase classname="testNgFlag.Flag3Priority" name="logOut" time="0.005"/>
  <system-out>
    <![CDATA[Logged out]]>
  </system-out>
  <testcase classname="testNgFlag.Flag3Priority" name="login" time="0.008"/>
  <system-out>
    <![CDATA[login in!!]]>
  </system-out>
</testsuite> <!-- testNgFlag.Flag3Priority -->
