<?xml version="1.0" encoding="UTF-8"?>
<!-- Generated by org.testng.reporters.JUnitReportReporter -->
<testsuite hostname="DESKTOP-83ISEOE" failures="0" tests="2" name="testNGExcution.selectBrowser" time="42.316" errors="0" timestamp="2023-09-19T17:39:19 IST" skipped="0">
  <testcase classname="testNGExcution.selectBrowser" name="selct_Browser_Method" time="18.785"/>
  <system-out/>
  <testcase classname="testNGExcution.selectBrowser" name="selct_Browser_Method" time="23.531"/>
  <system-out/>
</testsuite> <!-- testNGExcution.selectBrowser -->
