<?xml version="1.0" encoding="UTF-8"?>
<!-- Generated by org.testng.reporters.JUnitReportReporter -->
<testsuite hostname="DESKTOP-83ISEOE" failures="0" tests="6" name="testNgFlag.GroupExecution" time="0.080" errors="0" timestamp="2023-03-30T23:13:41 IST" skipped="0">
  <testcase classname="testNgFlag.GroupExecution" name="it5" time="0.004"/>
  <system-out>
    <![CDATA[ITC is executed]]>
  </system-out>
  <testcase classname="testNgFlag.GroupExecution" name="it2" time="0.016"/>
  <system-out>
    <![CDATA[ITC is executed]]>
  </system-out>
  <testcase classname="testNgFlag.GroupExecution" name="it4" time="0.006"/>
  <system-out>
    <![CDATA[ITC is executed]]>
  </system-out>
  <testcase classname="testNgFlag.GroupExecution" name="it1" time="0.042"/>
  <system-out>
    <![CDATA[ITC is executed]]>
  </system-out>
  <testcase classname="testNgFlag.GroupExecution" name="it3" time="0.008"/>
  <system-out>
    <![CDATA[ITC is executed]]>
  </system-out>
  <testcase classname="testNgFlag.GroupExecution" name="it6" time="0.004"/>
  <system-out>
    <![CDATA[ITC is executed]]>
  </system-out>
</testsuite> <!-- testNgFlag.GroupExecution -->
