<?xml version="1.0" encoding="UTF-8"?>
<!-- Generated by org.testng.reporters.JUnitReportReporter -->
<testsuite hostname="DESKTOP-83ISEOE" failures="0" tests="1" name="testNGExcution.Test1" time="9.576" errors="0" timestamp="2023-03-28T23:10:45 IST" skipped="0">
  <testcase classname="testNGExcution.Test1" name="Search1" time="9.576"/>
  <system-out/>
</testsuite> <!-- testNGExcution.Test1 -->
