<?xml version="1.0" encoding="UTF-8"?>
<!-- Generated by org.testng.reporters.JUnitReportReporter -->
<testsuite hostname="DESKTOP-83ISEOE" failures="0" tests="2" name="testNgFlag.Flag2Description" time="0.039" errors="0" timestamp="2023-03-30T23:17:56 IST" skipped="0">
  <testcase classname="testNgFlag.Flag2Description" name="search2" time="0.011"/>
  <system-out>
    <![CDATA[this is INT]]>
  </system-out>
  <testcase classname="testNgFlag.Flag2Description" name="search1" time="0.028"/>
  <system-out>
    <![CDATA[this is FTC]]>
  </system-out>
</testsuite> <!-- testNgFlag.Flag2Description -->
