<?xml version="1.0" encoding="UTF-8"?>
<!-- Generated by org.testng.reporters.JUnitReportReporter -->
<testsuite hostname="DESKTOP-83ISEOE" failures="0" tests="3" name="testNGAnnotations.Test1" time="0.066" errors="0" timestamp="2023-03-27T22:13:39 IST" skipped="0">
  <testcase classname="testNGAnnotations.Test1" name="h" time="0.026"/>
  <system-out/>
  <testcase classname="testNGAnnotations.Test1" name="f" time="0.025"/>
  <system-out/>
  <testcase classname="testNGAnnotations.Test1" name="g" time="0.015"/>
  <system-out/>
</testsuite> <!-- testNGAnnotations.Test1 -->
